12-12-2020 23:13:55: Peer 1005 is started
12-12-2020 23:14:32: Peer 1005 'handshake' has been sent
12-12-2020 23:14:32: Peer 1005 'handshake' has been sent
12-12-2020 23:14:32: Peer 1005 'handshake' has been sent
12-12-2020 23:14:32: Peer 1005 'handshake' has been sent
12-12-2020 23:14:32: Peer 1005 makes a connection to 1002
12-12-2020 23:14:32: Peer 1005 makes a connection to 1004
12-12-2020 23:14:32: Peer 1005 received the 'handshake' message from 1004
12-12-2020 23:14:32: Peer 1005 is connected from 1004
12-12-2020 23:14:32: Peer 1005 makes a connection to 1001
12-12-2020 23:14:32: Peer 1005 makes a connection to 1003
12-12-2020 23:14:32: Peer 1005 received the 'handshake' message from 1003
12-12-2020 23:14:32: Peer 1005 is connected from 1003
12-12-2020 23:14:32: Peer 1005 received the 'handshake' message from 1002
12-12-2020 23:14:32: Peer 1005 is connected from 1002
12-12-2020 23:14:32: Peer 1005 received the 'handshake' message from 1001
12-12-2020 23:14:32: Peer 1005 is connected from 1001
12-12-2020 23:14:33: Peer 1005 is sending the 'interested' message to 1004
12-12-2020 23:14:33: Peer 1005 is sending the 'interested' message to 1001
12-12-2020 23:14:33: Peer 1005 is sending the 'interested' message to 1003
12-12-2020 23:14:33: Peer 1005 is choked by 1001.
12-12-2020 23:14:33: Peer 1005 is sending the 'interested' message to 1002
12-12-2020 23:14:33: Peer 1005 is sending the 'interested' message to 1004
12-12-2020 23:14:33: Peer 1005 is sending the 'interested' message to 1004
12-12-2020 23:14:33: Peer 1005 is sending the 'interested' message to 1004
12-12-2020 23:14:33: Peer 1005 is unchoked by 1003.
12-12-2020 23:14:33: Peer 1005 received the 'handshake' message from 1009
12-12-2020 23:14:33: Peer 1005 is connected from 1009
12-12-2020 23:14:33: Peer 1005 'handshake' message has been sent successfully.
12-12-2020 23:14:33: Peer 1005 'requests' for piece 0 from 1003
12-12-2020 23:14:33: Peer 1005 is unchoked by 1002.
12-12-2020 23:14:33: Peer 1005 'requests' for piece 0 from 1002
12-12-2020 23:14:34: Peer 1005 received the 'bitfield' message from 1009
12-12-2020 23:14:34: Peer 1005 is sending the 'bitfield' message to 1009
12-12-2020 23:14:34: Peer 1005 is sending the 'interested' message to 1004
12-12-2020 23:14:34: Peer 1005 is sending the 'interested' message to 1004
12-12-2020 23:14:34: Peer 1005 is sending the 'interested' message to 1004
12-12-2020 23:14:34: Peer 1005 has downloaded the piece 0 from 1003. Now the number of pieces it has is 1
12-12-2020 23:14:34: Peer 1005 'requests' for piece 1 from 1003
12-12-2020 23:14:34: Peer 1005 received the 'have' message from 1004 for the piece 1.
12-12-2020 23:14:35: Peer 1005 is sending the 'interested' message to 1004
12-12-2020 23:14:35: Peer 1005 received the 'have' message from 1004 for the piece 1.
12-12-2020 23:14:35: Peer 1005 is sending the 'interested' message to 1004
12-12-2020 23:14:35: Peer 1005 received the 'have' message from 1004 for the piece 1.
12-12-2020 23:14:35: Peer 1005 is sending the 'interested' message to 1004
12-12-2020 23:14:35: Peer 1005 is unchoked by 1004.
12-12-2020 23:14:35: Peer 1005 'requests' for piece 1 from 1004
12-12-2020 23:14:35: Peer 1002 has the piece already.
12-12-2020 23:14:35: Peer 1005 'requests' for piece 1 from 1002
12-12-2020 23:14:35: Peer 1005 received the 'not interested' message from 1009.
12-12-2020 23:14:35: Peer 1005 has downloaded the piece 1 from 1003. Now the number of pieces it has is 2
12-12-2020 23:14:35: Peer 1005 'requests' for piece 2 from 1003
12-12-2020 23:14:35: Peer 1005 has downloaded the piece 2 from 1003. Now the number of pieces it has is 3
12-12-2020 23:14:35: Peer 1005 'requests' for piece 3 from 1003
12-12-2020 23:14:35: Peer 1002 has the piece already.
12-12-2020 23:14:35: Peer 1005 'requests' for piece 3 from 1002
12-12-2020 23:14:35: Peer 1005 received the 'have' message from 1004 for the piece 3.
12-12-2020 23:14:35: Peer 1005 is sending the 'interested' message to 1004
12-12-2020 23:14:35: Peer 1005 received the 'have' message from 1004 for the piece 3.
12-12-2020 23:14:35: Peer 1005 is sending the 'interested' message to 1004
12-12-2020 23:14:35: Peer 1005 received the 'have' message from 1004 for the piece 3.
12-12-2020 23:14:35: Peer 1005 is sending the 'interested' message to 1004
12-12-2020 23:14:35: Peer 1005 received the 'have' message from 1004 for the piece 3.
12-12-2020 23:14:36: Peer 1005 is sending the 'interested' message to 1004
12-12-2020 23:14:36: Peer 1005 received the 'have' message from 1004 for the piece 3.
12-12-2020 23:14:36: Peer 1005 is sending the 'interested' message to 1004
12-12-2020 23:14:36: Peer 1005 received the 'have' message from 1004 for the piece 3.
12-12-2020 23:14:36: Peer 1005 is sending the 'interested' message to 1004
12-12-2020 23:14:36: Peer 1005 has downloaded the piece 3 from 1003. Now the number of pieces it has is 4
12-12-2020 23:14:36: Peer 1005 'requests' for piece 4 from 1003
12-12-2020 23:14:36: Peer 1002 has the piece already.
12-12-2020 23:14:36: Peer 1005 'requests' for piece 4 from 1002
12-12-2020 23:14:36: Peer 1005 received the 'have' message from 1004 for the piece 4.
12-12-2020 23:14:36: Peer 1005 is sending the 'interested' message to 1004
12-12-2020 23:14:36: Peer 1005 received the 'have' message from 1004 for the piece 4.
12-12-2020 23:14:36: Peer 1005 is sending the 'interested' message to 1004
12-12-2020 23:14:36: Peer 1005 received the 'have' message from 1004 for the piece 4.
12-12-2020 23:14:36: Peer 1005 is sending the 'interested' message to 1004
12-12-2020 23:14:36: Peer 1005 received the 'have' message from 1004 for the piece 4.
12-12-2020 23:14:36: Peer 1005 is sending the 'interested' message to 1004
12-12-2020 23:14:36: Peer 1005 has downloaded the piece 4 from 1003. Now the number of pieces it has is 5
12-12-2020 23:14:36: Peer 1005 'requests' for piece 5 from 1003
12-12-2020 23:14:36: Peer 1002 has the piece already.
12-12-2020 23:14:36: Peer 1005 'requests' for piece 5 from 1002
12-12-2020 23:14:37: Peer 1005 is unchoked by 1004.
12-12-2020 23:14:37: Peer 1005 'requests' for piece 5 from 1004
12-12-2020 23:14:37: Peer 1005 is choked by 1003.
12-12-2020 23:14:37: Peer 1005 has downloaded the piece 5 from 1002. Now the number of pieces it has is 6
12-12-2020 23:14:37: Peer 1005 'requests' for piece 6 from 1002
12-12-2020 23:14:37: Peer 1005 is sending the 'unchoke' message to 1009
12-12-2020 23:14:37: Peer 1005 is sending the 'have' message to 1009
12-12-2020 23:14:37: Peer 1005 has downloaded the piece 6 from 1002. Now the number of pieces it has is 7
12-12-2020 23:14:37: Peer 1005 'requests' for piece 7 from 1002
12-12-2020 23:14:37: Peer 1005 is sending the 'have' message to 1009
12-12-2020 23:14:37: Peer 1005 received the 'have' message from 1004 for the piece 7.
12-12-2020 23:14:37: Peer 1005 is sending the 'interested' message to 1004
12-12-2020 23:14:38: Peer 1005 has downloaded the piece 7 from 1002. Now the number of pieces it has is 8
12-12-2020 23:14:38: Peer 1005 'requests' for piece 8 from 1002
12-12-2020 23:14:38: Peer 1005 is sending the 'have' message to 1009
12-12-2020 23:14:38: Peer 1005 is unchoked by 1004.
12-12-2020 23:14:38: Peer 1005 'requests' for piece 8 from 1004
12-12-2020 23:14:39: Peer 1005 has downloaded the piece 8 from 1002. Now the number of pieces it has is 9
12-12-2020 23:14:39: Peer 1005 'requests' for piece 9 from 1002
12-12-2020 23:14:39: Peer 1005 is sending the 'have' message to 1009
12-12-2020 23:14:39: Peer 1004 has the piece already.
12-12-2020 23:14:39: Peer 1005 'requests' for piece 9 from 1004
12-12-2020 23:14:39: Peer 1005 is sending the 'have' message to 1009
12-12-2020 23:14:39: Peer 1005 received the 'interested' message from  1009.
12-12-2020 23:14:39: Peer 1005 is sending the 'unchoke' message to 1009
12-12-2020 23:14:39: Peer 1005 has downloaded the piece 9 from 1002. Now the number of pieces it has is 10
12-12-2020 23:14:39: Peer 1005 'requests' for piece 10 from 1002
12-12-2020 23:14:39: Peer 1005 is sending the 'have' message to 1009
12-12-2020 23:14:39: Peer 1004 has the piece already.
12-12-2020 23:14:39: Peer 1005 'requests' for piece 10 from 1004
12-12-2020 23:14:39: Peer 1005 is sending the 'have' message to 1009
12-12-2020 23:14:39: Peer 1005 has downloaded the piece 10 from 1004. Now the number of pieces it has is 11
12-12-2020 23:14:39: Peer 1005 'requests' for piece 11 from 1004
12-12-2020 23:14:39: Peer 1005 is sending the 'have' message to 1009
12-12-2020 23:14:40: Peer 1002 has the piece already.
12-12-2020 23:14:40: Peer 1005 'requests' for piece 11 from 1002
12-12-2020 23:14:40: Peer 1005 is sending the 'have' message to 1009
12-12-2020 23:14:40: Peer 1005 received the 'interested' message from  1009.
12-12-2020 23:14:40: Peer 1005 is sending the 'unchoke' message to 1009
12-12-2020 23:14:40: Peer 1005 has downloaded the piece 11 from 1004. Now the number of pieces it has is 12
12-12-2020 23:14:40: Peer 1005 is sending the 'have' message to 1009
12-12-2020 23:14:40: Peer 1002 has the piece already.
12-12-2020 23:14:40: Peer 1005 is sending the 'have' message to 1009
12-12-2020 23:14:41: Peer 1005 received the 'interested' message from  1009.
12-12-2020 23:14:41: Peer 1005 is sending the 'unchoke' message to 1009
12-12-2020 23:14:41: Peer 1005 is sending the 'piece' message for piece 5 to 1009
12-12-2020 23:14:42: Peer 1005 is sending the 'piece' message for piece 7 to 1009
12-12-2020 23:14:42: Peer 1005 is sending the 'piece' message for piece 7 to 1009
12-12-2020 23:14:42: Peer 1005 is sending the 'piece' message for piece 8 to 1009
12-12-2020 23:14:42: Peer 1005 is sending the 'piece' message for piece 8 to 1009
12-12-2020 23:14:43: Peer 1005 is sending the 'piece' message for piece 9 to 1009
12-12-2020 23:14:43: Peer 1005 is sending the 'piece' message for piece 9 to 1009
12-12-2020 23:14:43: Peer 1005 is sending the 'piece' message for piece 10 to 1009
12-12-2020 23:14:43: Peer 1005 is sending the 'piece' message for piece 10 to 1009
12-12-2020 23:14:44: Peer 1005 is sending the 'piece' message for piece 11 to 1009
12-12-2020 23:14:44: Peer 1005 is sending the 'piece' message for piece 11 to 1009
12-12-2020 23:14:46: Peer 1005 is sending the 'interested' message to 1004
12-12-2020 23:14:47: Peer 1005 received the 'have' message from 1004 for the piece 12.
12-12-2020 23:14:47: Peer 1005 is sending the 'interested' message to 1004
12-12-2020 23:14:47: Peer 1005 received the 'have' message from 1004 for the piece 12.
12-12-2020 23:14:47: Peer 1005 is sending the 'interested' message to 1004
12-12-2020 23:14:47: Peer 1005 received the 'have' message from 1004 for the piece 12.
12-12-2020 23:14:47: Peer 1005 is sending the 'interested' message to 1004
12-12-2020 23:14:47: Peer 1005 received the 'have' message from 1004 for the piece 12.
12-12-2020 23:14:47: Peer 1005 is sending the 'interested' message to 1004
12-12-2020 23:14:47: Peer 1005 received the 'have' message from 1004 for the piece 12.
12-12-2020 23:14:47: Peer 1005 is sending the 'interested' message to 1004
12-12-2020 23:14:48: Peer 1005 received the 'have' message from 1004 for the piece 12.
12-12-2020 23:14:48: Peer 1005 is sending the 'interested' message to 1004
12-12-2020 23:14:48: Peer 1005 received the 'have' message from 1004 for the piece 12.
12-12-2020 23:14:48: Peer 1005 is sending the 'interested' message to 1004
12-12-2020 23:14:48: Peer 1005 received the 'have' message from 1004 for the piece 12.
12-12-2020 23:14:48: Peer 1005 is sending the 'interested' message to 1004
12-12-2020 23:14:48: Peer 1005 received the 'have' message from 1004 for the piece 12.
12-12-2020 23:14:48: Peer 1005 is sending the 'interested' message to 1004
12-12-2020 23:14:49: Peer 1005 received the 'have' message from 1004 for the piece 12.
12-12-2020 23:14:49: Peer 1005 is sending the 'interested' message to 1004
12-12-2020 23:14:49: Peer 1005 received the 'have' message from 1004 for the piece 12.
12-12-2020 23:14:49: Peer 1005 is sending the 'interested' message to 1004
12-12-2020 23:14:49: Peer 1005 received the 'have' message from 1004 for the piece 12.
12-12-2020 23:14:49: Peer 1005 is sending the 'interested' message to 1004
12-12-2020 23:14:49: Peer 1005 received the 'have' message from 1004 for the piece 12.
12-12-2020 23:14:49: Peer 1005 is sending the 'interested' message to 1004
12-12-2020 23:14:49: Peer 1005 received the 'have' message from 1004 for the piece 12.
12-12-2020 23:14:49: Peer 1005 is sending the 'interested' message to 1004
12-12-2020 23:14:49: Peer 1005 received the 'have' message from 1004 for the piece 12.
12-12-2020 23:14:49: Peer 1005 is sending the 'interested' message to 1004
12-12-2020 23:14:50: Peer 1005 received the 'have' message from 1004 for the piece 12.
12-12-2020 23:14:50: Peer 1005 is sending the 'interested' message to 1004
12-12-2020 23:14:50: Peer 1005 received the 'have' message from 1004 for the piece 12.
12-12-2020 23:14:50: Peer 1005 is sending the 'interested' message to 1004
12-12-2020 23:14:50: Peer 1005 received the 'have' message from 1004 for the piece 12.
12-12-2020 23:14:50: Peer 1005 is sending the 'interested' message to 1004
12-12-2020 23:14:50: Peer 1005 received the 'have' message from 1004 for the piece 12.
12-12-2020 23:14:50: Peer 1005 is sending the 'interested' message to 1004
12-12-2020 23:14:50: Peer 1005 received the 'have' message from 1004 for the piece 12.
12-12-2020 23:14:50: Peer 1005 is sending the 'interested' message to 1004
12-12-2020 23:14:50: Peer 1005 received the 'have' message from 1004 for the piece 12.
12-12-2020 23:14:50: Peer 1005 is sending the 'interested' message to 1004
12-12-2020 23:14:51: Peer 1005 received the 'have' message from 1004 for the piece 12.
12-12-2020 23:14:51: Peer 1005 is sending the 'interested' message to 1004
12-12-2020 23:14:51: Peer 1005 received the 'have' message from 1004 for the piece 12.
12-12-2020 23:14:51: Peer 1005 is sending the 'interested' message to 1004
12-12-2020 23:14:51: Peer 1005 received the 'have' message from 1004 for the piece 12.
12-12-2020 23:14:51: Peer 1005 is sending the 'interested' message to 1004
12-12-2020 23:14:51: Peer 1005 received the 'have' message from 1004 for the piece 12.
12-12-2020 23:14:51: Peer 1005 is sending the 'interested' message to 1004
12-12-2020 23:14:51: Peer 1005 received the 'have' message from 1004 for the piece 12.
12-12-2020 23:14:51: Peer 1005 is sending the 'interested' message to 1004
12-12-2020 23:14:51: Peer 1005 received the 'have' message from 1004 for the piece 12.
12-12-2020 23:14:51: Peer 1005 is sending the 'interested' message to 1004
12-12-2020 23:14:51: Peer 1005 received the 'have' message from 1004 for the piece 12.
12-12-2020 23:14:51: Peer 1005 is sending the 'interested' message to 1004
12-12-2020 23:14:52: Peer 1005 is unchoked by 1004.
12-12-2020 23:14:52: Peer 1005 'requests' for piece 12 from 1004
12-12-2020 23:14:52: Peer 1005 received the 'have' message from 1004 for the piece 12.
12-12-2020 23:14:52: Peer 1005 is sending the 'interested' message to 1004
12-12-2020 23:14:52: Peer 1005 received the 'have' message from 1004 for the piece 12.
12-12-2020 23:14:52: Peer 1005 is sending the 'interested' message to 1004
12-12-2020 23:14:53: Peer 1005 is unchoked by 1004.
12-12-2020 23:14:53: Peer 1005 'requests' for piece 12 from 1004
12-12-2020 23:14:53: Peer 1005 received the 'have' message from 1004 for the piece 12.
12-12-2020 23:14:53: Peer 1005 is sending the 'interested' message to 1004
12-12-2020 23:14:53: Peer 1005 received the 'have' message from 1004 for the piece 12.
12-12-2020 23:14:53: Peer 1005 is sending the 'interested' message to 1004
12-12-2020 23:14:54: Peer 1005 received the 'have' message from 1004 for the piece 12.
12-12-2020 23:14:54: Peer 1005 is sending the 'interested' message to 1004
12-12-2020 23:14:54: Peer 1005 received the 'have' message from 1004 for the piece 12.
12-12-2020 23:14:54: Peer 1005 is sending the 'interested' message to 1004
12-12-2020 23:14:54: Peer 1005 received the 'have' message from 1004 for the piece 12.
12-12-2020 23:14:54: Peer 1005 is sending the 'interested' message to 1004
12-12-2020 23:14:54: Peer 1005 received the 'have' message from 1004 for the piece 12.
12-12-2020 23:14:54: Peer 1005 is sending the 'interested' message to 1004
12-12-2020 23:14:54: Peer 1005 received the 'have' message from 1004 for the piece 12.
12-12-2020 23:14:55: Peer 1005 is sending the 'interested' message to 1004
12-12-2020 23:14:55: Peer 1005 received the 'have' message from 1004 for the piece 12.
12-12-2020 23:14:55: Peer 1005 is sending the 'interested' message to 1004
12-12-2020 23:14:55: Peer 1005 received the 'have' message from 1004 for the piece 12.
12-12-2020 23:14:55: Peer 1005 is sending the 'interested' message to 1004
12-12-2020 23:14:55: Peer 1005 received the 'have' message from 1004 for the piece 12.
12-12-2020 23:14:55: Peer 1005 is sending the 'interested' message to 1004
12-12-2020 23:14:55: Peer 1005 received the 'have' message from 1004 for the piece 12.
12-12-2020 23:14:55: Peer 1005 is sending the 'interested' message to 1004
12-12-2020 23:14:55: Peer 1005 received the 'have' message from 1004 for the piece 12.
12-12-2020 23:14:55: Peer 1005 is sending the 'interested' message to 1004
12-12-2020 23:14:56: Peer 1005 is unchoked by 1004.
12-12-2020 23:14:56: Peer 1005 'requests' for piece 12 from 1004
12-12-2020 23:14:56: Peer 1005 received the 'have' message from 1004 for the piece 12.
12-12-2020 23:14:56: Peer 1005 is sending the 'interested' message to 1004
12-12-2020 23:14:57: Peer 1005 is sending the 'interested' message to 1003
12-12-2020 23:14:57: Peer 1005 received the 'have' message from 1003 for the piece 12.
12-12-2020 23:14:57: Peer 1005 is sending the 'interested' message to 1003
12-12-2020 23:14:57: Peer 1005 is unchoked by 1004.
12-12-2020 23:14:57: Peer 1005 'requests' for piece 12 from 1004
12-12-2020 23:14:57: Peer 1005 is sending the 'interested' message to 1002
12-12-2020 23:14:57: Peer 1005 has downloaded the piece 12 from 1004. Now the number of pieces it has is 13
12-12-2020 23:14:57: Peer 1005 'requests' for piece 13 from 1004
12-12-2020 23:14:57: Peer 1005 is sending the 'have' message to 1009
12-12-2020 23:14:57: Peer 1005 is sending the 'interested' message to 1002
12-12-2020 23:14:57: Peer 1005 is unchoked by 1003.
12-12-2020 23:14:57: Peer 1005 'requests' for piece 13 from 1003
12-12-2020 23:14:57: Peer 1005 received the 'have' message from 1002 for the piece 13.
12-12-2020 23:14:57: Peer 1005 is sending the 'interested' message to 1002
12-12-2020 23:14:58: Peer 1005 has downloaded the piece 13 from 1004. Now the number of pieces it has is 14
12-12-2020 23:14:58: Peer 1005 'requests' for piece 14 from 1004
12-12-2020 23:14:58: Peer 1005 is sending the 'have' message to 1009
12-12-2020 23:14:58: Peer 1003 has the piece already.
12-12-2020 23:14:58: Peer 1005 'requests' for piece 14 from 1003
12-12-2020 23:14:58: Peer 1005 is sending the 'have' message to 1009
12-12-2020 23:14:58: Peer 1005 is sending the 'interested' message to 1002
12-12-2020 23:14:58: Peer 1005 received the 'have' message from 1002 for the piece 14.
12-12-2020 23:14:58: Peer 1005 is sending the 'interested' message to 1002
12-12-2020 23:14:58: Peer 1005 received the 'not interested' message from 1009.
12-12-2020 23:14:58: Peer 1005 has downloaded the piece 14 from 1004. Now the number of pieces it has is 15
12-12-2020 23:14:58: Peer 1005 'requests' for piece 15 from 1004
12-12-2020 23:14:58: Peer 1005 is sending the 'have' message to 1009
12-12-2020 23:14:58: Peer 1003 has the piece already.
12-12-2020 23:14:58: Peer 1005 'requests' for piece 15 from 1003
12-12-2020 23:14:58: Peer 1005 is sending the 'have' message to 1009
12-12-2020 23:14:58: Peer 1005 is unchoked by 1002.
12-12-2020 23:14:58: Peer 1005 'requests' for piece -1 from 1002
12-12-2020 23:14:59: Peer 1005 received the 'not interested' message from 1009.
12-12-2020 23:14:59: Peer 1005 has downloaded the piece 15 from 1004. Now the number of pieces it has is 16
12-12-2020 23:14:59: Peer 1005 'requests' for piece 16 from 1004
12-12-2020 23:14:59: Peer 1005 is sending the 'have' message to 1009
12-12-2020 23:14:59: Peer 1003 has the piece already.
12-12-2020 23:14:59: Peer 1005 'requests' for piece 16 from 1003
12-12-2020 23:14:59: Peer 1005 is sending the 'have' message to 1009
12-12-2020 23:14:59: Peer 1005 is sending the 'interested' message to 1002
12-12-2020 23:14:59: Peer 1005 received the 'not interested' message from 1009.
12-12-2020 23:14:59: Peer 1005 has downloaded the piece 16 from 1004. Now the number of pieces it has is 17
12-12-2020 23:14:59: Peer 1005 'requests' for piece 17 from 1004
12-12-2020 23:14:59: Peer 1005 is sending the 'have' message to 1009
12-12-2020 23:14:59: Peer 1003 has the piece already.
12-12-2020 23:14:59: Peer 1005 'requests' for piece 17 from 1003
12-12-2020 23:14:59: Peer 1005 is sending the 'have' message to 1009
12-12-2020 23:15:00: Peer 1005 is unchoked by 1002.
12-12-2020 23:15:00: Peer 1005 'requests' for piece -1 from 1002
12-12-2020 23:15:00: Peer 1005 received the 'not interested' message from 1009.
12-12-2020 23:15:00: Peer 1005 has downloaded the piece 17 from 1004. Now the number of pieces it has is 18
12-12-2020 23:15:00: Peer 1005 'requests' for piece 18 from 1004
12-12-2020 23:15:00: Peer 1005 is sending the 'have' message to 1009
12-12-2020 23:15:00: Peer 1003 has the piece already.
12-12-2020 23:15:00: Peer 1005 'requests' for piece 18 from 1003
12-12-2020 23:15:00: Peer 1005 is sending the 'have' message to 1009
12-12-2020 23:15:00: Peer 1005 is sending the 'interested' message to 1002
12-12-2020 23:15:00: Peer 1005 has downloaded the piece 18 from 1003. Now the number of pieces it has is 19
12-12-2020 23:15:00: Peer 1005 'requests' for piece 19 from 1003
12-12-2020 23:15:00: Peer 1005 is sending the 'have' message to 1009
12-12-2020 23:15:00: Peer 1004 has the piece already.
12-12-2020 23:15:00: Peer 1005 'requests' for piece 19 from 1004
12-12-2020 23:15:00: Peer 1005 is sending the 'have' message to 1009
12-12-2020 23:15:00: Peer 1005 received the 'not interested' message from 1009.
12-12-2020 23:15:00: Peer 1005 is unchoked by 1002.
12-12-2020 23:15:00: Peer 1005 'requests' for piece -1 from 1002
12-12-2020 23:15:01: Peer 1005 has downloaded the piece 19 from 1003. Now the number of pieces it has is 20
12-12-2020 23:15:01: Peer 1005 'requests' for piece 20 from 1003
12-12-2020 23:15:01: Peer 1005 is sending the 'have' message to 1009
12-12-2020 23:15:01: Peer 1004 has the piece already.
12-12-2020 23:15:01: Peer 1005 'requests' for piece 20 from 1004
12-12-2020 23:15:01: Peer 1005 is sending the 'have' message to 1009
12-12-2020 23:15:01: Peer 1005 is sending the 'interested' message to 1002
12-12-2020 23:15:01: Peer 1005 received the 'not interested' message from 1009.
12-12-2020 23:15:01: Peer 1005 has downloaded the piece 20 from 1003. Now the number of pieces it has is 21
12-12-2020 23:15:01: Peer 1005 'requests' for piece 21 from 1003
12-12-2020 23:15:01: Peer 1005 is sending the 'have' message to 1009
12-12-2020 23:15:01: Peer 1005 received the 'not interested' message from 1009.
12-12-2020 23:15:01: Peer 1004 has the piece already.
12-12-2020 23:15:01: Peer 1005 'requests' for piece 21 from 1004
12-12-2020 23:15:01: Peer 1005 is sending the 'have' message to 1009
12-12-2020 23:15:01: Peer 1005 is sending the 'interested' message to 1002
12-12-2020 23:15:01: Peer 1005 received the 'have' message from 1002 for the piece 21.
12-12-2020 23:15:01: Peer 1005 is sending the 'interested' message to 1002
12-12-2020 23:15:02: Peer 1005 has downloaded the piece 21 from 1003. Now the number of pieces it has is 22
12-12-2020 23:15:02: Peer 1005 'requests' for piece 22 from 1003
12-12-2020 23:15:02: Peer 1005 is sending the 'have' message to 1009
12-12-2020 23:15:02: Peer 1005 received the 'not interested' message from 1009.
12-12-2020 23:15:02: Peer 1004 has the piece already.
12-12-2020 23:15:02: Peer 1005 'requests' for piece 22 from 1004
12-12-2020 23:15:02: Peer 1005 is sending the 'have' message to 1009
12-12-2020 23:15:02: Peer 1005 is sending the 'interested' message to 1002
12-12-2020 23:15:02: Peer 1005 received the 'have' message from 1002 for the piece 22.
12-12-2020 23:15:02: Peer 1005 is sending the 'interested' message to 1002
12-12-2020 23:15:02: Peer 1005 has downloaded the piece 22 from 1003. Now the number of pieces it has is 23
12-12-2020 23:15:02: Peer 1005 'requests' for piece 23 from 1003
12-12-2020 23:15:02: Peer 1005 is sending the 'have' message to 1009
12-12-2020 23:15:02: Peer 1004 has the piece already.
12-12-2020 23:15:02: Peer 1005 'requests' for piece 23 from 1004
12-12-2020 23:15:02: Peer 1005 is sending the 'have' message to 1009
12-12-2020 23:15:02: Peer 1005 is sending the 'interested' message to 1002
12-12-2020 23:15:02: Peer 1005 received the 'have' message from 1002 for the piece 23.
12-12-2020 23:15:02: Peer 1005 is sending the 'interested' message to 1002
12-12-2020 23:15:03: Peer 1005 received the 'not interested' message from 1009.
12-12-2020 23:15:03: Peer 1005 has downloaded the piece 23 from 1003. Now the number of pieces it has is 24
12-12-2020 23:15:03: Peer 1005 'requests' for piece 24 from 1003
12-12-2020 23:15:03: Peer 1005 is sending the 'have' message to 1009
12-12-2020 23:15:03: Peer 1005 received the 'not interested' message from 1009.
12-12-2020 23:15:03: Peer 1004 has the piece already.
12-12-2020 23:15:03: Peer 1005 'requests' for piece 24 from 1004
12-12-2020 23:15:03: Peer 1005 is sending the 'have' message to 1009
12-12-2020 23:15:03: Peer 1005 is sending the 'interested' message to 1002
12-12-2020 23:15:03: Peer 1005 received the 'have' message from 1002 for the piece 24.
12-12-2020 23:15:03: Peer 1005 is sending the 'interested' message to 1002
12-12-2020 23:15:03: Peer 1005 has downloaded the piece 24 from 1003. Now the number of pieces it has is 25
12-12-2020 23:15:03: Peer 1005 'requests' for piece 25 from 1003
12-12-2020 23:15:03: Peer 1005 is sending the 'have' message to 1009
12-12-2020 23:15:03: Peer 1005 received the 'not interested' message from 1009.
12-12-2020 23:15:03: Peer 1005 is unchoked by 1002.
12-12-2020 23:15:03: Peer 1005 'requests' for piece -1 from 1002
12-12-2020 23:15:03: Peer 1004 has the piece already.
12-12-2020 23:15:03: Peer 1005 'requests' for piece 25 from 1004
12-12-2020 23:15:03: Peer 1005 is sending the 'have' message to 1009
12-12-2020 23:15:04: Peer 1005 has downloaded the piece 25 from 1003. Now the number of pieces it has is 26
12-12-2020 23:15:04: Peer 1005 'requests' for piece 26 from 1003
12-12-2020 23:15:04: Peer 1005 is sending the 'have' message to 1009
12-12-2020 23:15:04: Peer 1005 is sending the 'interested' message to 1002
12-12-2020 23:15:04: Peer 1004 has the piece already.
12-12-2020 23:15:04: Peer 1005 'requests' for piece 26 from 1004
12-12-2020 23:15:04: Peer 1005 is sending the 'have' message to 1009
12-12-2020 23:15:04: Peer 1005 received the 'not interested' message from 1009.
12-12-2020 23:15:04: Peer 1005 has downloaded the piece 26 from 1003. Now the number of pieces it has is 27
12-12-2020 23:15:04: Peer 1005 'requests' for piece 27 from 1003
12-12-2020 23:15:04: Peer 1005 is sending the 'have' message to 1009
12-12-2020 23:15:04: Peer 1005 received the 'not interested' message from 1009.
12-12-2020 23:15:04: Peer 1005 is unchoked by 1002.
12-12-2020 23:15:04: Peer 1005 'requests' for piece -1 from 1002
12-12-2020 23:15:04: Peer 1004 has the piece already.
12-12-2020 23:15:04: Peer 1005 'requests' for piece 27 from 1004
12-12-2020 23:15:04: Peer 1005 is sending the 'have' message to 1009
12-12-2020 23:15:05: Peer 1005 has downloaded the piece 27 from 1003. Now the number of pieces it has is 28
12-12-2020 23:15:05: Peer 1005 'requests' for piece 28 from 1003
12-12-2020 23:15:05: Peer 1005 is sending the 'have' message to 1009
12-12-2020 23:15:05: Peer 1005 is sending the 'interested' message to 1002
12-12-2020 23:15:05: Peer 1005 received the 'not interested' message from 1009.
12-12-2020 23:15:05: Peer 1004 has the piece already.
12-12-2020 23:15:05: Peer 1005 'requests' for piece 28 from 1004
12-12-2020 23:15:05: Peer 1005 is sending the 'have' message to 1009
12-12-2020 23:15:05: Peer 1005 received the 'not interested' message from 1009.
12-12-2020 23:15:05: Peer 1005 has downloaded the piece 28 from 1003. Now the number of pieces it has is 29
12-12-2020 23:15:05: Peer 1005 'requests' for piece 29 from 1003
12-12-2020 23:15:05: Peer 1005 is sending the 'have' message to 1009
12-12-2020 23:15:05: Peer 1005 received the 'not interested' message from 1009.
12-12-2020 23:15:05: Peer 1005 is unchoked by 1002.
12-12-2020 23:15:05: Peer 1005 'requests' for piece -1 from 1002
12-12-2020 23:15:05: Peer 1004 has the piece already.
12-12-2020 23:15:05: Peer 1005 'requests' for piece 29 from 1004
12-12-2020 23:15:05: Peer 1005 is sending the 'have' message to 1009
12-12-2020 23:15:06: Peer 1005 has downloaded the piece 29 from 1003. Now the number of pieces it has is 30
12-12-2020 23:15:06: Peer 1005 'requests' for piece 30 from 1003
12-12-2020 23:15:06: Peer 1005 is sending the 'have' message to 1009
12-12-2020 23:15:06: Peer 1005 received the 'not interested' message from 1009.
12-12-2020 23:15:06: Peer 1004 has the piece already.
12-12-2020 23:15:06: Peer 1005 'requests' for piece 30 from 1004
12-12-2020 23:15:06: Peer 1005 is sending the 'have' message to 1009
12-12-2020 23:15:07: Peer 1005 has downloaded the piece 30 from 1003. Now the number of pieces it has is 31
12-12-2020 23:15:07: Peer 1005 'requests' for piece 31 from 1003
12-12-2020 23:15:07: Peer 1005 is sending the 'have' message to 1009
12-12-2020 23:15:07: Peer 1005 received the 'not interested' message from 1009.
12-12-2020 23:15:07: Peer 1004 has the piece already.
12-12-2020 23:15:07: Peer 1005 is sending the 'have' message to 1009
12-12-2020 23:15:07: Peer 1005 received the 'not interested' message from 1009.
12-12-2020 23:15:07: Peer 1005 received the 'have' message from 1003 for the piece 31.
12-12-2020 23:15:07: Peer 1005 is sending the 'interested' message to 1003
12-12-2020 23:15:08: Peer 1005 is choked by 1003.
12-12-2020 23:15:17: Peer 1005 is sending the 'interested' message to 1003
12-12-2020 23:15:17: Peer 1005 received the 'have' message from 1003 for the piece 31.
12-12-2020 23:15:17: Peer 1005 is sending the 'interested' message to 1003
12-12-2020 23:15:17: Peer 1005 is unchoked by 1003.
12-12-2020 23:15:17: Peer 1005 'requests' for piece 31 from 1003
12-12-2020 23:15:17: Peer 1005 is sending the 'interested' message to 1004
12-12-2020 23:15:18: Peer 1005 has downloaded the piece 31 from 1003. Now the number of pieces it has is 32
12-12-2020 23:15:18: Peer 1005 'requests' for piece 32 from 1003
12-12-2020 23:15:18: Peer 1005 is sending the 'have' message to 1009
12-12-2020 23:15:18: Peer 1005 is unchoked by 1004.
12-12-2020 23:15:18: Peer 1005 'requests' for piece 32 from 1004
12-12-2020 23:15:18: Peer 1005 has downloaded the piece 32 from 1003. Now the number of pieces it has is 33
12-12-2020 23:15:18: Peer 1005 'requests' for piece 33 from 1003
12-12-2020 23:15:18: Peer 1005 is sending the 'have' message to 1009
12-12-2020 23:15:18: Peer 1005 is sending the 'interested' message to 1004
12-12-2020 23:15:18: Peer 1005 received the 'not interested' message from 1009.
12-12-2020 23:15:19: Peer 1005 has downloaded the piece 33 from 1003. Now the number of pieces it has is 34
12-12-2020 23:15:19: Peer 1005 'requests' for piece 34 from 1003
12-12-2020 23:15:19: Peer 1005 is sending the 'have' message to 1009
12-12-2020 23:15:19: Peer 1005 is unchoked by 1004.
12-12-2020 23:15:19: Peer 1005 'requests' for piece 34 from 1004
12-12-2020 23:15:19: Peer 1005 received the 'not interested' message from 1009.
12-12-2020 23:15:19: Peer 1005 has downloaded the piece 34 from 1003. Now the number of pieces it has is 35
12-12-2020 23:15:19: Peer 1005 'requests' for piece 35 from 1003
12-12-2020 23:15:19: Peer 1005 is sending the 'have' message to 1009
12-12-2020 23:15:19: Peer 1005 is sending the 'interested' message to 1004
12-12-2020 23:15:19: Peer 1005 received the 'not interested' message from 1009.
12-12-2020 23:15:20: Peer 1005 has downloaded the piece 35 from 1003. Now the number of pieces it has is 36
12-12-2020 23:15:20: Peer 1005 'requests' for piece 36 from 1003
12-12-2020 23:15:20: Peer 1005 is sending the 'have' message to 1009
12-12-2020 23:15:20: Peer 1005 received the 'not interested' message from 1009.
12-12-2020 23:15:20: Peer 1005 is unchoked by 1004.
12-12-2020 23:15:20: Peer 1005 'requests' for piece 36 from 1004
12-12-2020 23:15:20: Peer 1005 has downloaded the piece 36 from 1003. Now the number of pieces it has is 37
12-12-2020 23:15:20: Peer 1005 'requests' for piece 37 from 1003
12-12-2020 23:15:20: Peer 1005 is sending the 'have' message to 1009
12-12-2020 23:15:20: Peer 1005 received the 'not interested' message from 1009.
12-12-2020 23:15:20: Peer 1005 is sending the 'interested' message to 1004
12-12-2020 23:15:21: Peer 1005 has downloaded the piece 37 from 1003. Now the number of pieces it has is 38
12-12-2020 23:15:21: Peer 1005 'requests' for piece 38 from 1003
12-12-2020 23:15:21: Peer 1005 is sending the 'have' message to 1009
12-12-2020 23:15:21: Peer 1005 is unchoked by 1004.
12-12-2020 23:15:21: Peer 1005 'requests' for piece 38 from 1004
12-12-2020 23:15:21: Peer 1005 received the 'not interested' message from 1009.
12-12-2020 23:15:21: Peer 1005 has downloaded the piece 38 from 1003. Now the number of pieces it has is 39
12-12-2020 23:15:21: Peer 1005 'requests' for piece 39 from 1003
12-12-2020 23:15:21: Peer 1005 is sending the 'have' message to 1009
12-12-2020 23:15:21: Peer 1005 is sending the 'interested' message to 1004
12-12-2020 23:15:22: Peer 1005 has downloaded the piece 39 from 1003. Now the number of pieces it has is 40
12-12-2020 23:15:22: Peer 1005 'requests' for piece 40 from 1003
12-12-2020 23:15:22: Peer 1005 is sending the 'have' message to 1009
12-12-2020 23:15:22: Peer 1005 is unchoked by 1004.
12-12-2020 23:15:22: Peer 1005 'requests' for piece 40 from 1004
12-12-2020 23:15:22: Peer 1005 received the 'not interested' message from 1009.
12-12-2020 23:15:22: Peer 1005 has downloaded the piece 40 from 1003. Now the number of pieces it has is 41
12-12-2020 23:15:22: Peer 1005 'requests' for piece 41 from 1003
12-12-2020 23:15:22: Peer 1005 is sending the 'have' message to 1009
12-12-2020 23:15:22: Peer 1005 is sending the 'interested' message to 1004
12-12-2020 23:15:22: Peer 1005 received the 'not interested' message from 1009.
12-12-2020 23:15:23: Peer 1005 has downloaded the piece 41 from 1003. Now the number of pieces it has is 42
12-12-2020 23:15:23: Peer 1005 'requests' for piece 42 from 1003
12-12-2020 23:15:23: Peer 1005 is sending the 'have' message to 1009
12-12-2020 23:15:23: Peer 1005 is unchoked by 1004.
12-12-2020 23:15:23: Peer 1005 'requests' for piece 42 from 1004
12-12-2020 23:15:23: Peer 1005 received the 'not interested' message from 1009.
12-12-2020 23:15:23: Peer 1005 has downloaded the piece 42 from 1003. Now the number of pieces it has is 43
12-12-2020 23:15:23: Peer 1005 'requests' for piece 43 from 1003
12-12-2020 23:15:23: Peer 1005 is sending the 'have' message to 1009
12-12-2020 23:15:23: Peer 1005 is sending the 'interested' message to 1004
12-12-2020 23:15:23: Peer 1005 received the 'not interested' message from 1009.
12-12-2020 23:15:23: Peer 1005 has downloaded the piece 43 from 1003. Now the number of pieces it has is 44
12-12-2020 23:15:23: Peer 1005 'requests' for piece 44 from 1003
12-12-2020 23:15:23: Peer 1005 is sending the 'have' message to 1009
12-12-2020 23:15:24: Peer 1005 is unchoked by 1004.
12-12-2020 23:15:24: Peer 1005 'requests' for piece 44 from 1004
12-12-2020 23:15:24: Peer 1005 received the 'not interested' message from 1009.
12-12-2020 23:15:24: Peer 1005 has downloaded the piece 44 from 1003. Now the number of pieces it has is 45
12-12-2020 23:15:24: Peer 1005 'requests' for piece 45 from 1003
12-12-2020 23:15:24: Peer 1005 is sending the 'have' message to 1009
12-12-2020 23:15:24: Peer 1005 is sending the 'interested' message to 1004
12-12-2020 23:15:24: Peer 1005 received the 'not interested' message from 1009.
12-12-2020 23:15:24: Peer 1005 has downloaded the piece 45 from 1003. Now the number of pieces it has is 46
12-12-2020 23:15:24: Peer 1005 'requests' for piece 46 from 1003
12-12-2020 23:15:24: Peer 1005 is sending the 'have' message to 1009
12-12-2020 23:15:25: Peer 1005 is unchoked by 1004.
12-12-2020 23:15:25: Peer 1005 'requests' for piece 46 from 1004
12-12-2020 23:15:25: Peer 1005 has downloaded the piece 46 from 1003. Now the number of pieces it has is 47
12-12-2020 23:15:25: Peer 1005 'requests' for piece 47 from 1003
12-12-2020 23:15:25: Peer 1005 is sending the 'have' message to 1009
12-12-2020 23:15:25: Peer 1005 received the 'not interested' message from 1009.
12-12-2020 23:15:25: Peer 1005 is sending the 'interested' message to 1004
12-12-2020 23:15:25: Peer 1005 is sending the 'interested' message to 1001
12-12-2020 23:15:25: Peer 1005 received the 'have' message from 1001 for the piece 47.
12-12-2020 23:15:25: Peer 1005 is sending the 'interested' message to 1001
12-12-2020 23:15:25: Peer 1005 has downloaded the piece 47 from 1003. Now the number of pieces it has is 48
12-12-2020 23:15:25: Peer 1005 'requests' for piece 48 from 1003
12-12-2020 23:15:25: Peer 1005 is sending the 'have' message to 1009
12-12-2020 23:15:25: Peer 1005 received the 'not interested' message from 1009.
12-12-2020 23:15:26: Peer 1005 is unchoked by 1004.
12-12-2020 23:15:26: Peer 1005 'requests' for piece 48 from 1004
12-12-2020 23:15:26: Peer 1005 is unchoked by 1001.
12-12-2020 23:15:26: Peer 1005 'requests' for piece 48 from 1001
12-12-2020 23:15:26: Peer 1005 has downloaded the piece 48 from 1003. Now the number of pieces it has is 49
12-12-2020 23:15:26: Peer 1005 'requests' for piece 49 from 1003
12-12-2020 23:15:26: Peer 1005 is sending the 'have' message to 1009
12-12-2020 23:15:26: Peer 1004 has the piece already.
12-12-2020 23:15:27: Peer 1005 is sending the 'have' message to 1009
12-12-2020 23:15:27: Peer 1001 has the piece already.
12-12-2020 23:15:27: Peer 1005 'requests' for piece 49 from 1001
12-12-2020 23:15:27: Peer 1005 is sending the 'have' message to 1009
12-12-2020 23:15:27: Peer 1005 received the 'not interested' message from 1009.
12-12-2020 23:15:27: Peer 1005 is choked by 1003.
12-12-2020 23:15:27: Peer 1005 has downloaded the piece 49 from 1001. Now the number of pieces it has is 50
12-12-2020 23:15:27: Peer 1005 'requests' for piece 50 from 1001
12-12-2020 23:15:27: Peer 1005 is sending the 'have' message to 1009
12-12-2020 23:15:27: Peer 1005 received the 'not interested' message from 1009.
12-12-2020 23:15:28: Peer 1005 has downloaded the piece 50 from 1001. Now the number of pieces it has is 51
12-12-2020 23:15:28: Peer 1005 'requests' for piece 51 from 1001
12-12-2020 23:15:28: Peer 1005 is sending the 'have' message to 1009
12-12-2020 23:15:28: Peer 1005 received the 'not interested' message from 1009.
12-12-2020 23:15:28: Peer 1005 is sending the 'not interested' message to  1004
12-12-2020 23:15:28: Peer 1005 has downloaded the piece 51 from 1001. Now the number of pieces it has is 52
12-12-2020 23:15:28: Peer 1005 'requests' for piece 52 from 1001
12-12-2020 23:15:28: Peer 1005 is sending the 'have' message to 1009
12-12-2020 23:15:28: Peer 1005 received the 'not interested' message from 1009.
12-12-2020 23:15:29: Peer 1005 is sending the 'not interested' message to  1004
12-12-2020 23:15:29: Peer 1005 has downloaded the piece 52 from 1001. Now the number of pieces it has is 53
12-12-2020 23:15:29: Peer 1005 'requests' for piece 53 from 1001
12-12-2020 23:15:29: Peer 1005 is sending the 'have' message to 1009
12-12-2020 23:15:29: Peer 1005 is sending the 'not interested' message to  1004
12-12-2020 23:15:29: Peer 1005 has downloaded the piece 53 from 1001. Now the number of pieces it has is 54
12-12-2020 23:15:29: Peer 1005 'requests' for piece 54 from 1001
12-12-2020 23:15:29: Peer 1005 is sending the 'have' message to 1009
12-12-2020 23:15:29: Peer 1005 received the 'not interested' message from 1009.
12-12-2020 23:15:29: Peer 1005 is sending the 'not interested' message to  1004
12-12-2020 23:15:30: Peer 1005 has downloaded the piece 54 from 1001. Now the number of pieces it has is 55
12-12-2020 23:15:30: Peer 1005 'requests' for piece 55 from 1001
12-12-2020 23:15:30: Peer 1005 is sending the 'have' message to 1009
12-12-2020 23:15:30: Peer 1005 received the 'not interested' message from 1009.
12-12-2020 23:15:30: Peer 1005 is sending the 'not interested' message to  1004
12-12-2020 23:15:30: Peer 1005 has downloaded the piece 55 from 1001. Now the number of pieces it has is 56
12-12-2020 23:15:30: Peer 1005 'requests' for piece 56 from 1001
12-12-2020 23:15:30: Peer 1005 is sending the 'have' message to 1009
12-12-2020 23:15:30: Peer 1005 received the 'not interested' message from 1009.
12-12-2020 23:15:30: Peer 1005 is sending the 'not interested' message to  1004
12-12-2020 23:15:30: Peer 1005 has downloaded the piece 56 from 1001. Now the number of pieces it has is 57
12-12-2020 23:15:30: Peer 1005 'requests' for piece 57 from 1001
12-12-2020 23:15:30: Peer 1005 is sending the 'have' message to 1009
12-12-2020 23:15:31: Peer 1005 received the 'not interested' message from 1009.
12-12-2020 23:15:31: Peer 1005 is sending the 'not interested' message to  1004
12-12-2020 23:15:31: Peer 1005 has downloaded the piece 57 from 1001. Now the number of pieces it has is 58
12-12-2020 23:15:31: Peer 1005 'requests' for piece 58 from 1001
12-12-2020 23:15:31: Peer 1005 is sending the 'have' message to 1009
12-12-2020 23:15:31: Peer 1005 is sending the 'not interested' message to  1004
12-12-2020 23:15:31: Peer 1005 received the 'not interested' message from 1009.
12-12-2020 23:15:31: Peer 1005 is sending the 'interested' message to 1003
12-12-2020 23:15:31: Peer 1005 received the 'have' message from 1003 for the piece 58.
12-12-2020 23:15:31: Peer 1005 is sending the 'interested' message to 1003
12-12-2020 23:15:31: Peer 1005 has downloaded the piece 58 from 1001. Now the number of pieces it has is 59
12-12-2020 23:15:31: Peer 1005 'requests' for piece 59 from 1001
12-12-2020 23:15:31: Peer 1005 is sending the 'have' message to 1009
12-12-2020 23:15:32: Peer 1005 is unchoked by 1003.
12-12-2020 23:15:32: Peer 1005 'requests' for piece 59 from 1003
12-12-2020 23:15:32: Peer 1005 is sending the 'not interested' message to  1004
12-12-2020 23:15:32: Peer 1005 has downloaded the piece 59 from 1001. Now the number of pieces it has is 60
12-12-2020 23:15:32: Peer 1005 'requests' for piece 60 from 1001
12-12-2020 23:15:32: Peer 1005 is sending the 'have' message to 1009
12-12-2020 23:15:32: Peer 1005 received the 'not interested' message from 1009.
12-12-2020 23:15:32: Peer 1003 has the piece already.
12-12-2020 23:15:32: Peer 1005 'requests' for piece 60 from 1003
12-12-2020 23:15:32: Peer 1005 is sending the 'have' message to 1009
12-12-2020 23:15:32: Peer 1005 received the 'not interested' message from 1009.
12-12-2020 23:15:32: Peer 1005 is sending the 'not interested' message to  1004
12-12-2020 23:15:32: Peer 1005 has downloaded the piece 60 from 1001. Now the number of pieces it has is 61
12-12-2020 23:15:32: Peer 1005 'requests' for piece 61 from 1001
12-12-2020 23:15:32: Peer 1005 is sending the 'have' message to 1009
12-12-2020 23:15:32: Peer 1003 has the piece already.
12-12-2020 23:15:32: Peer 1005 'requests' for piece 61 from 1003
12-12-2020 23:15:32: Peer 1005 is sending the 'have' message to 1009
12-12-2020 23:15:33: Peer 1005 is sending the 'not interested' message to  1004
12-12-2020 23:15:33: Peer 1005 has downloaded the piece 61 from 1001. Now the number of pieces it has is 62
12-12-2020 23:15:33: Peer 1005 'requests' for piece 62 from 1001
12-12-2020 23:15:33: Peer 1005 is sending the 'have' message to 1009
12-12-2020 23:15:33: Peer 1005 received the 'not interested' message from 1009.
12-12-2020 23:15:33: Peer 1003 has the piece already.
12-12-2020 23:15:33: Peer 1005 'requests' for piece 62 from 1003
12-12-2020 23:15:33: Peer 1005 is sending the 'have' message to 1009
12-12-2020 23:15:33: Peer 1005 has downloaded the piece 62 from 1001. Now the number of pieces it has is 63
12-12-2020 23:15:33: Peer 1005 'requests' for piece 63 from 1001
12-12-2020 23:15:33: Peer 1005 is sending the 'have' message to 1009
12-12-2020 23:15:33: Peer 1005 is sending the 'not interested' message to  1004
12-12-2020 23:15:33: Peer 1005 received the 'not interested' message from 1009.
12-12-2020 23:15:33: Peer 1003 has the piece already.
12-12-2020 23:15:33: Peer 1005 'requests' for piece 63 from 1003
12-12-2020 23:15:33: Peer 1005 is sending the 'have' message to 1009
12-12-2020 23:15:34: Peer 1005 has downloaded the piece 63 from 1001. Now the number of pieces it has is 64
12-12-2020 23:15:34: Peer 1005 'requests' for piece 64 from 1001
12-12-2020 23:15:34: Peer 1005 is sending the 'have' message to 1009
12-12-2020 23:15:34: Peer 1005 is sending the 'not interested' message to  1004
12-12-2020 23:15:34: Peer 1003 has the piece already.
12-12-2020 23:15:34: Peer 1005 'requests' for piece 64 from 1003
12-12-2020 23:15:34: Peer 1005 is sending the 'have' message to 1009
12-12-2020 23:15:34: Peer 1005 received the 'not interested' message from 1009.
12-12-2020 23:15:34: Peer 1005 has downloaded the piece 64 from 1001. Now the number of pieces it has is 65
12-12-2020 23:15:34: Peer 1005 'requests' for piece 65 from 1001
12-12-2020 23:15:34: Peer 1005 is sending the 'have' message to 1009
12-12-2020 23:15:34: Peer 1005 is sending the 'not interested' message to  1004
12-12-2020 23:15:34: Peer 1003 has the piece already.
12-12-2020 23:15:34: Peer 1005 'requests' for piece 65 from 1003
12-12-2020 23:15:34: Peer 1005 is sending the 'have' message to 1009
12-12-2020 23:15:34: Peer 1005 received the 'not interested' message from 1009.
12-12-2020 23:15:35: Peer 1005 has downloaded the piece 65 from 1001. Now the number of pieces it has is 66
12-12-2020 23:15:35: Peer 1005 'requests' for piece 66 from 1001
12-12-2020 23:15:35: Peer 1005 is sending the 'have' message to 1009
12-12-2020 23:15:35: Peer 1005 is sending the 'not interested' message to  1004
12-12-2020 23:15:35: Peer 1003 has the piece already.
12-12-2020 23:15:35: Peer 1005 'requests' for piece 66 from 1003
12-12-2020 23:15:35: Peer 1005 is sending the 'have' message to 1009
12-12-2020 23:15:35: Peer 1005 received the 'not interested' message from 1009.
12-12-2020 23:15:36: Peer 1005 has downloaded the piece 66 from 1001. Now the number of pieces it has is 67
12-12-2020 23:15:36: Peer 1005 'requests' for piece 67 from 1001
12-12-2020 23:15:36: Peer 1005 is sending the 'have' message to 1009
12-12-2020 23:15:36: Peer 1005 is sending the 'not interested' message to  1004
12-12-2020 23:15:36: Peer 1003 has the piece already.
12-12-2020 23:15:36: Peer 1005 'requests' for piece 67 from 1003
12-12-2020 23:15:36: Peer 1005 is sending the 'have' message to 1009
12-12-2020 23:15:36: Peer 1005 has downloaded the piece 67 from 1001. Now the number of pieces it has is 68
12-12-2020 23:15:36: Peer 1005 'requests' for piece 68 from 1001
12-12-2020 23:15:36: Peer 1005 is sending the 'have' message to 1009
12-12-2020 23:15:36: Peer 1005 received the 'not interested' message from 1009.
12-12-2020 23:15:36: Peer 1005 is sending the 'not interested' message to  1004
12-12-2020 23:15:36: Peer 1003 has the piece already.
12-12-2020 23:15:36: Peer 1005 'requests' for piece 68 from 1003
12-12-2020 23:15:36: Peer 1005 is sending the 'have' message to 1009
12-12-2020 23:15:37: Peer 1005 has downloaded the piece 68 from 1001. Now the number of pieces it has is 69
12-12-2020 23:15:37: Peer 1005 'requests' for piece 69 from 1001
12-12-2020 23:15:37: Peer 1005 is sending the 'have' message to 1009
12-12-2020 23:15:37: Peer 1005 is sending the 'not interested' message to  1004
12-12-2020 23:15:37: Peer 1005 received the 'not interested' message from 1009.
12-12-2020 23:15:37: Peer 1003 has the piece already.
12-12-2020 23:15:37: Peer 1005 'requests' for piece 69 from 1003
12-12-2020 23:15:37: Peer 1005 is sending the 'have' message to 1009
12-12-2020 23:15:37: Peer 1005 received the 'not interested' message from 1009.
12-12-2020 23:15:37: Peer 1005 is sending the 'not interested' message to  1004
12-12-2020 23:15:37: Peer 1005 has downloaded the piece 69 from 1001. Now the number of pieces it has is 70
12-12-2020 23:15:37: Peer 1005 'requests' for piece 70 from 1001
12-12-2020 23:15:37: Peer 1005 is sending the 'have' message to 1009
12-12-2020 23:15:37: Peer 1003 has the piece already.
12-12-2020 23:15:37: Peer 1005 'requests' for piece 70 from 1003
12-12-2020 23:15:37: Peer 1005 is sending the 'have' message to 1009
12-12-2020 23:15:37: Peer 1005 is sending the 'not interested' message to  1004
12-12-2020 23:15:37: Peer 1005 received the 'not interested' message from 1009.
12-12-2020 23:15:38: Peer 1005 has downloaded the piece 70 from 1001. Now the number of pieces it has is 71
12-12-2020 23:15:38: Peer 1005 'requests' for piece 71 from 1001
12-12-2020 23:15:38: Peer 1005 is sending the 'have' message to 1009
12-12-2020 23:15:38: Peer 1003 has the piece already.
12-12-2020 23:15:38: Peer 1005 'requests' for piece 71 from 1003
12-12-2020 23:15:38: Peer 1005 is sending the 'have' message to 1009
12-12-2020 23:15:38: Peer 1005 is sending the 'not interested' message to  1004
12-12-2020 23:15:38: Peer 1005 received the 'not interested' message from 1009.
12-12-2020 23:15:38: Peer 1005 has downloaded the piece 71 from 1001. Now the number of pieces it has is 72
12-12-2020 23:15:38: Peer 1005 'requests' for piece 72 from 1001
12-12-2020 23:15:38: Peer 1005 is sending the 'have' message to 1009
12-12-2020 23:15:38: Peer 1003 has the piece already.
12-12-2020 23:15:38: Peer 1005 'requests' for piece 72 from 1003
12-12-2020 23:15:38: Peer 1005 is sending the 'have' message to 1009
12-12-2020 23:15:38: Peer 1005 is sending the 'not interested' message to  1004
12-12-2020 23:15:38: Peer 1005 received the 'not interested' message from 1009.
12-12-2020 23:15:38: Peer 1005 has downloaded the piece 72 from 1001. Now the number of pieces it has is 73
12-12-2020 23:15:38: Peer 1005 'requests' for piece 73 from 1001
12-12-2020 23:15:38: Peer 1005 is sending the 'have' message to 1009
12-12-2020 23:15:38: Peer 1005 received the 'not interested' message from 1009.
12-12-2020 23:15:39: Peer 1003 has the piece already.
12-12-2020 23:15:39: Peer 1005 'requests' for piece 73 from 1003
12-12-2020 23:15:39: Peer 1005 is sending the 'have' message to 1009
12-12-2020 23:15:39: Peer 1005 is sending the 'not interested' message to  1004
12-12-2020 23:15:39: Peer 1005 has downloaded the piece 73 from 1001. Now the number of pieces it has is 74
12-12-2020 23:15:39: Peer 1005 'requests' for piece 74 from 1001
12-12-2020 23:15:39: Peer 1005 is sending the 'have' message to 1009
12-12-2020 23:15:39: Peer 1005 received the 'not interested' message from 1009.
12-12-2020 23:15:39: Peer 1003 has the piece already.
12-12-2020 23:15:39: Peer 1005 'requests' for piece 74 from 1003
12-12-2020 23:15:39: Peer 1005 is sending the 'have' message to 1009
12-12-2020 23:15:39: Peer 1005 is sending the 'not interested' message to  1004
12-12-2020 23:15:39: Peer 1005 has downloaded the piece 74 from 1001. Now the number of pieces it has is 75
12-12-2020 23:15:39: Peer 1005 'requests' for piece 75 from 1001
12-12-2020 23:15:39: Peer 1005 is sending the 'have' message to 1009
12-12-2020 23:15:39: Peer 1005 received the 'not interested' message from 1009.
12-12-2020 23:15:39: Peer 1003 has the piece already.
12-12-2020 23:15:39: Peer 1005 'requests' for piece 75 from 1003
12-12-2020 23:15:39: Peer 1005 is sending the 'have' message to 1009
12-12-2020 23:15:40: Peer 1005 received the 'not interested' message from 1009.
12-12-2020 23:15:40: Peer 1005 is sending the 'not interested' message to  1004
12-12-2020 23:15:40: Peer 1005 has downloaded the piece 75 from 1001. Now the number of pieces it has is 76
12-12-2020 23:15:40: Peer 1005 'requests' for piece 76 from 1001
12-12-2020 23:15:40: Peer 1005 is sending the 'have' message to 1009
12-12-2020 23:15:40: Peer 1003 has the piece already.
12-12-2020 23:15:40: Peer 1005 'requests' for piece 76 from 1003
12-12-2020 23:15:40: Peer 1005 is sending the 'have' message to 1009
12-12-2020 23:15:40: Peer 1005 received the 'not interested' message from 1009.
12-12-2020 23:15:40: Peer 1005 is sending the 'not interested' message to  1004
12-12-2020 23:15:40: Peer 1005 has downloaded the piece 76 from 1001. Now the number of pieces it has is 77
12-12-2020 23:15:40: Peer 1005 'requests' for piece 77 from 1001
12-12-2020 23:15:40: Peer 1005 is sending the 'have' message to 1009
12-12-2020 23:15:40: Peer 1003 has the piece already.
12-12-2020 23:15:40: Peer 1005 'requests' for piece 77 from 1003
12-12-2020 23:15:40: Peer 1005 is sending the 'have' message to 1009
12-12-2020 23:15:41: Peer 1005 is sending the 'not interested' message to  1004
12-12-2020 23:15:41: Peer 1005 received the 'not interested' message from 1009.
12-12-2020 23:15:41: Peer 1005 has downloaded the piece 77 from 1001. Now the number of pieces it has is 78
12-12-2020 23:15:41: Peer 1005 'requests' for piece 78 from 1001
12-12-2020 23:15:41: Peer 1005 is sending the 'have' message to 1009
12-12-2020 23:15:41: Peer 1003 has the piece already.
12-12-2020 23:15:41: Peer 1005 'requests' for piece 78 from 1003
12-12-2020 23:15:41: Peer 1005 is sending the 'have' message to 1009
12-12-2020 23:15:41: Peer 1005 is sending the 'not interested' message to  1004
12-12-2020 23:15:41: Peer 1005 received the 'not interested' message from 1009.
12-12-2020 23:15:41: Peer 1005 has downloaded the piece 78 from 1001. Now the number of pieces it has is 79
12-12-2020 23:15:41: Peer 1005 'requests' for piece 79 from 1001
12-12-2020 23:15:41: Peer 1005 is sending the 'have' message to 1009
12-12-2020 23:15:42: Peer 1003 has the piece already.
12-12-2020 23:15:42: Peer 1005 'requests' for piece 79 from 1003
12-12-2020 23:15:42: Peer 1005 is sending the 'have' message to 1009
12-12-2020 23:15:42: Peer 1005 is sending the 'not interested' message to  1004
12-12-2020 23:15:42: Peer 1005 received the 'not interested' message from 1009.
12-12-2020 23:15:42: Peer 1005 has downloaded the piece 79 from 1001. Now the number of pieces it has is 80
12-12-2020 23:15:42: Peer 1005 'requests' for piece 80 from 1001
12-12-2020 23:15:42: Peer 1005 is sending the 'have' message to 1009
12-12-2020 23:15:42: Peer 1003 has the piece already.
12-12-2020 23:15:42: Peer 1005 'requests' for piece 80 from 1003
12-12-2020 23:15:42: Peer 1005 is sending the 'have' message to 1009
12-12-2020 23:15:43: Peer 1005 is sending the 'not interested' message to  1004
12-12-2020 23:15:43: Peer 1005 received the 'not interested' message from 1009.
12-12-2020 23:15:43: Peer 1005 has downloaded the piece 80 from 1001. Now the number of pieces it has is 81
12-12-2020 23:15:43: Peer 1005 'requests' for piece 81 from 1001
12-12-2020 23:15:43: Peer 1005 is sending the 'have' message to 1009
12-12-2020 23:15:43: Peer 1003 has the piece already.
12-12-2020 23:15:43: Peer 1005 is sending the 'have' message to 1009
12-12-2020 23:15:43: Peer 1005 is sending the 'not interested' message to  1004
12-12-2020 23:15:43: Peer 1005 is sending the 'not interested' message to  1004
12-12-2020 23:15:43: Peer 1005 received the 'not interested' message from 1009.
12-12-2020 23:15:43: Peer 1005 has downloaded the piece 81 from 1001. Now the number of pieces it has is 82
12-12-2020 23:15:43: Peer 1005 'requests' for piece 82 from 1001
12-12-2020 23:15:43: Peer 1005 is sending the 'have' message to 1009
12-12-2020 23:15:43: Peer 1005 received the 'not interested' message from 1009.
12-12-2020 23:15:43: Peer 1005 is sending the 'not interested' message to  1004
12-12-2020 23:15:43: Peer 1005 is sending the 'not interested' message to  1004
12-12-2020 23:15:44: Peer 1005 has downloaded the piece 82 from 1001. Now the number of pieces it has is 83
12-12-2020 23:15:44: Peer 1005 'requests' for piece 83 from 1001
12-12-2020 23:15:44: Peer 1005 is sending the 'have' message to 1009
12-12-2020 23:15:44: Peer 1005 received the 'not interested' message from 1009.
12-12-2020 23:15:44: Peer 1005 is sending the 'not interested' message to  1004
12-12-2020 23:15:44: Peer 1005 has downloaded the piece 83 from 1001. Now the number of pieces it has is 84
12-12-2020 23:15:44: Peer 1005 'requests' for piece 84 from 1001
12-12-2020 23:15:44: Peer 1005 is sending the 'have' message to 1009
12-12-2020 23:15:44: Peer 1005 received the 'not interested' message from 1009.
12-12-2020 23:15:44: Peer 1005 is sending the 'not interested' message to  1004
12-12-2020 23:15:44: Peer 1005 has downloaded the piece 84 from 1001. Now the number of pieces it has is 85
12-12-2020 23:15:44: Peer 1005 'requests' for piece 85 from 1001
12-12-2020 23:15:44: Peer 1005 is sending the 'have' message to 1009
12-12-2020 23:15:45: Peer 1005 is sending the 'not interested' message to  1004
12-12-2020 23:15:45: Peer 1005 received the 'not interested' message from 1009.
12-12-2020 23:15:45: Peer 1005 has downloaded the piece 85 from 1001. Now the number of pieces it has is 86
12-12-2020 23:15:45: Peer 1005 'requests' for piece 86 from 1001
12-12-2020 23:15:45: Peer 1005 is sending the 'have' message to 1009
12-12-2020 23:15:45: Peer 1005 is sending the 'not interested' message to  1004
12-12-2020 23:15:45: Peer 1005 has downloaded the piece 86 from 1001. Now the number of pieces it has is 87
12-12-2020 23:15:45: Peer 1005 'requests' for piece 87 from 1001
12-12-2020 23:15:45: Peer 1005 is sending the 'have' message to 1009
12-12-2020 23:15:45: Peer 1005 received the 'not interested' message from 1009.
12-12-2020 23:15:46: Peer 1005 is sending the 'not interested' message to  1004
12-12-2020 23:15:46: Peer 1005 has downloaded the piece 87 from 1001. Now the number of pieces it has is 88
12-12-2020 23:15:46: Peer 1005 'requests' for piece 88 from 1001
12-12-2020 23:15:46: Peer 1005 is sending the 'have' message to 1009
12-12-2020 23:15:46: Peer 1005 received the 'not interested' message from 1009.
12-12-2020 23:15:46: Peer 1005 is sending the 'not interested' message to  1004
12-12-2020 23:15:46: Peer 1005 has downloaded the piece 88 from 1001. Now the number of pieces it has is 89
12-12-2020 23:15:46: Peer 1005 'requests' for piece 89 from 1001
12-12-2020 23:15:46: Peer 1005 is sending the 'have' message to 1009
12-12-2020 23:15:46: Peer 1005 is sending the 'not interested' message to  1002
12-12-2020 23:15:47: Peer 1005 received the 'not interested' message from 1009.
12-12-2020 23:15:47: Peer 1005 is sending the 'not interested' message to  1004
12-12-2020 23:15:47: Peer 1005 has downloaded the piece 89 from 1001. Now the number of pieces it has is 90
12-12-2020 23:15:47: Peer 1005 'requests' for piece 90 from 1001
12-12-2020 23:15:47: Peer 1005 is sending the 'have' message to 1009
12-12-2020 23:15:47: Peer 1005 is sending the 'not interested' message to  1002
12-12-2020 23:15:47: Peer 1005 received the 'not interested' message from 1009.
12-12-2020 23:15:47: Peer 1005 is sending the 'not interested' message to  1004
12-12-2020 23:15:47: Peer 1005 has downloaded the piece 90 from 1001. Now the number of pieces it has is 91
12-12-2020 23:15:47: Peer 1005 'requests' for piece 91 from 1001
12-12-2020 23:15:48: Peer 1005 is sending the 'have' message to 1009
12-12-2020 23:15:48: Peer 1005 is sending the 'not interested' message to  1002
12-12-2020 23:15:48: Peer 1005 is sending the 'not interested' message to  1004
12-12-2020 23:15:48: Peer 1005 has downloaded the piece 91 from 1001. Now the number of pieces it has is 92
12-12-2020 23:15:48: Peer 1005 'requests' for piece 92 from 1001
12-12-2020 23:15:48: Peer 1005 is sending the 'not interested' message to  1002
12-12-2020 23:15:48: Peer 1005 received the 'not interested' message from 1009.
12-12-2020 23:15:49: Peer 1005 is sending the 'not interested' message to  1004
12-12-2020 23:15:49: Peer 1005 has downloaded the piece 92 from 1001. Now the number of pieces it has is 93
12-12-2020 23:15:49: Peer 1005 'requests' for piece 93 from 1001
12-12-2020 23:15:49: Peer 1005 is sending the 'not interested' message to  1002
12-12-2020 23:15:49: Peer 1005 is sending the 'not interested' message to  1004
12-12-2020 23:15:49: Peer 1005 has downloaded the piece 93 from 1001. Now the number of pieces it has is 94
12-12-2020 23:15:49: Peer 1005 'requests' for piece 94 from 1001
12-12-2020 23:15:49: Peer 1005 is sending the 'not interested' message to  1002
12-12-2020 23:15:50: Peer 1005 has downloaded the piece 94 from 1001. Now the number of pieces it has is 95
12-12-2020 23:15:50: Peer 1005 'requests' for piece 95 from 1001
12-12-2020 23:15:50: Peer 1005 is sending the 'not interested' message to  1004
12-12-2020 23:15:50: Peer 1005 is sending the 'not interested' message to  1002
12-12-2020 23:15:50: Peer 1005 has downloaded the piece 95 from 1001. Now the number of pieces it has is 96
12-12-2020 23:15:50: Peer 1005 'requests' for piece 96 from 1001
12-12-2020 23:15:50: Peer 1005 is sending the 'not interested' message to  1002
12-12-2020 23:15:50: Peer 1005 is sending the 'not interested' message to  1004
12-12-2020 23:15:51: Peer 1005 has downloaded the piece 96 from 1001. Now the number of pieces it has is 97
12-12-2020 23:15:51: Peer 1005 'requests' for piece 97 from 1001
12-12-2020 23:15:51: Peer 1005 is sending the 'not interested' message to  1002
12-12-2020 23:15:51: Peer 1005 is sending the 'not interested' message to  1004
12-12-2020 23:15:51: Peer 1005 has downloaded the piece 97 from 1001. Now the number of pieces it has is 98
12-12-2020 23:15:51: Peer 1005 'requests' for piece 98 from 1001
12-12-2020 23:15:51: Peer 1005 is sending the 'not interested' message to  1002
12-12-2020 23:15:51: Peer 1005 is sending the 'not interested' message to  1004
12-12-2020 23:15:52: Peer 1005 has downloaded the piece 98 from 1001. Now the number of pieces it has is 99
12-12-2020 23:15:52: Peer 1005 'requests' for piece 99 from 1001
12-12-2020 23:15:52: Peer 1005 is sending the 'not interested' message to  1003
12-12-2020 23:15:52: Peer 1005 is sending the 'not interested' message to  1002
12-12-2020 23:15:52: Peer 1005 is sending the 'not interested' message to  1004
12-12-2020 23:15:52: Peer 1005 has downloaded the piece 99 from 1001. Now the number of pieces it has is 100
12-12-2020 23:15:52: Peer 1005 'requests' for piece 100 from 1001
12-12-2020 23:15:52: Peer 1005 is sending the 'not interested' message to  1003
12-12-2020 23:15:52: Peer 1005 is sending the 'not interested' message to  1002
12-12-2020 23:15:52: Peer 1005 is sending the 'not interested' message to  1004
12-12-2020 23:15:52: Peer 1005 is sending the 'not interested' message to  1003
12-12-2020 23:15:53: Peer 1005 is sending the 'not interested' message to  1002
12-12-2020 23:15:53: Peer 1005 is sending the 'not interested' message to  1004
12-12-2020 23:15:53: Peer 1005 has downloaded the piece 100 from 1001. Now the number of pieces it has is 101
12-12-2020 23:15:53: Peer 1005 'requests' for piece 101 from 1001
12-12-2020 23:15:53: Peer 1005 is sending the 'not interested' message to  1003
12-12-2020 23:15:53: Peer 1005 is sending the 'not interested' message to  1002
12-12-2020 23:15:53: Peer 1005 is sending the 'not interested' message to  1004
12-12-2020 23:15:53: Peer 1005 has downloaded the piece 101 from 1001. Now the number of pieces it has is 102
12-12-2020 23:15:53: Peer 1005 'requests' for piece 102 from 1001
12-12-2020 23:15:53: Peer 1005 is sending the 'not interested' message to  1004
12-12-2020 23:15:53: Peer 1005 is sending the 'not interested' message to  1003
12-12-2020 23:15:54: Peer 1005 is sending the 'not interested' message to  1002
12-12-2020 23:15:54: Peer 1005 has downloaded the piece 102 from 1001. Now the number of pieces it has is 103
12-12-2020 23:15:54: Peer 1005 'requests' for piece 103 from 1001
12-12-2020 23:15:54: Peer 1005 is sending the 'not interested' message to  1004
12-12-2020 23:15:54: Peer 1005 is sending the 'not interested' message to  1003
12-12-2020 23:15:54: Peer 1005 is sending the 'not interested' message to  1002
12-12-2020 23:15:55: Peer 1005 has downloaded the piece 103 from 1001. Now the number of pieces it has is 104
12-12-2020 23:15:55: Peer 1005 'requests' for piece 104 from 1001
12-12-2020 23:15:55: Peer 1005 is sending the 'not interested' message to  1003
12-12-2020 23:15:55: Peer 1005 is sending the 'not interested' message to  1004
12-12-2020 23:15:55: Peer 1005 is sending the 'not interested' message to  1002
12-12-2020 23:15:55: Peer 1005 has downloaded the piece 104 from 1001. Now the number of pieces it has is 105
12-12-2020 23:15:55: Peer 1005 'requests' for piece 105 from 1001
12-12-2020 23:15:55: Peer 1005 is sending the 'not interested' message to  1003
12-12-2020 23:15:55: Peer 1005 is sending the 'not interested' message to  1004
12-12-2020 23:15:55: Peer 1005 is sending the 'not interested' message to  1002
12-12-2020 23:15:56: Peer 1005 has downloaded the piece 105 from 1001. Now the number of pieces it has is 106
12-12-2020 23:15:56: Peer 1005 'requests' for piece 106 from 1001
12-12-2020 23:15:56: Peer 1005 is sending the 'not interested' message to  1003
12-12-2020 23:15:56: Peer 1005 is sending the 'not interested' message to  1004
12-12-2020 23:15:56: Peer 1005 has downloaded the piece 106 from 1001. Now the number of pieces it has is 107
12-12-2020 23:15:56: Peer 1005 'requests' for piece 107 from 1001
12-12-2020 23:15:56: Peer 1005 is sending the 'not interested' message to  1003
12-12-2020 23:15:56: Peer 1005 is sending the 'not interested' message to  1004
12-12-2020 23:15:57: Peer 1005 has downloaded the piece 107 from 1001. Now the number of pieces it has is 108
12-12-2020 23:15:57: Peer 1005 'requests' for piece 108 from 1001
12-12-2020 23:15:57: Peer 1005 is sending the 'not interested' message to  1003
12-12-2020 23:15:57: Peer 1005 is sending the 'not interested' message to  1004
12-12-2020 23:15:57: Peer 1005 has downloaded the piece 108 from 1001. Now the number of pieces it has is 109
12-12-2020 23:15:57: Peer 1005 'requests' for piece 109 from 1001
12-12-2020 23:15:57: Peer 1005 is sending the 'not interested' message to  1003
12-12-2020 23:15:57: Peer 1005 is sending the 'not interested' message to  1004
12-12-2020 23:15:58: Peer 1005 has downloaded the piece 109 from 1001. Now the number of pieces it has is 110
12-12-2020 23:15:58: Peer 1005 'requests' for piece 110 from 1001
12-12-2020 23:15:58: Peer 1005 is sending the 'not interested' message to  1003
12-12-2020 23:15:58: Peer 1005 is sending the 'not interested' message to  1004
12-12-2020 23:15:58: Peer 1005 has downloaded the piece 110 from 1001. Now the number of pieces it has is 111
12-12-2020 23:15:58: Peer 1005 'requests' for piece 111 from 1001
12-12-2020 23:15:58: Peer 1005 is sending the 'not interested' message to  1003
12-12-2020 23:15:59: Peer 1005 is sending the 'not interested' message to  1004
12-12-2020 23:15:59: Peer 1005 has downloaded the piece 111 from 1001. Now the number of pieces it has is 112
12-12-2020 23:15:59: Peer 1005 'requests' for piece 112 from 1001
12-12-2020 23:15:59: Peer 1005 is sending the 'not interested' message to  1003
12-12-2020 23:15:59: Peer 1005 is sending the 'not interested' message to  1004
12-12-2020 23:15:59: Peer 1005 has downloaded the piece 112 from 1001. Now the number of pieces it has is 113
12-12-2020 23:15:59: Peer 1005 'requests' for piece 113 from 1001
12-12-2020 23:15:59: Peer 1005 is sending the 'not interested' message to  1003
12-12-2020 23:16:00: Peer 1005 is sending the 'not interested' message to  1004
12-12-2020 23:16:00: Peer 1005 has downloaded the piece 113 from 1001. Now the number of pieces it has is 114
12-12-2020 23:16:00: Peer 1005 'requests' for piece 114 from 1001
12-12-2020 23:16:00: Peer 1005 is sending the 'not interested' message to  1003
12-12-2020 23:16:00: Peer 1005 is sending the 'not interested' message to  1004
12-12-2020 23:16:00: Peer 1005 is sending the 'not interested' message to  1004
12-12-2020 23:16:00: Peer 1005 has downloaded the piece 114 from 1001. Now the number of pieces it has is 115
12-12-2020 23:16:00: Peer 1005 'requests' for piece 115 from 1001
12-12-2020 23:16:00: Peer 1005 is sending the 'not interested' message to  1003
12-12-2020 23:16:01: Peer 1005 has downloaded the piece 115 from 1001. Now the number of pieces it has is 116
12-12-2020 23:16:01: Peer 1005 'requests' for piece 116 from 1001
12-12-2020 23:16:01: Peer 1005 is sending the 'not interested' message to  1004
12-12-2020 23:16:01: Peer 1005 is sending the 'not interested' message to  1003
12-12-2020 23:16:01: Peer 1005 has downloaded the piece 116 from 1001. Now the number of pieces it has is 117
12-12-2020 23:16:01: Peer 1005 'requests' for piece 117 from 1001
12-12-2020 23:16:01: Peer 1005 is sending the 'not interested' message to  1003
12-12-2020 23:16:01: Peer 1005 is sending the 'not interested' message to  1004
12-12-2020 23:16:02: Peer 1005 has downloaded the piece 117 from 1001. Now the number of pieces it has is 118
12-12-2020 23:16:02: Peer 1005 'requests' for piece 118 from 1001
12-12-2020 23:16:02: Peer 1005 is sending the 'not interested' message to  1003
12-12-2020 23:16:02: Peer 1005 is sending the 'not interested' message to  1004
12-12-2020 23:16:02: Peer 1005 has downloaded the piece 118 from 1001. Now the number of pieces it has is 119
12-12-2020 23:16:02: Peer 1005 'requests' for piece 119 from 1001
12-12-2020 23:16:02: Peer 1005 is sending the 'not interested' message to  1003
12-12-2020 23:16:02: Peer 1005 is sending the 'not interested' message to  1004
12-12-2020 23:16:03: Peer 1005 has downloaded the piece 119 from 1001. Now the number of pieces it has is 120
12-12-2020 23:16:03: Peer 1005 'requests' for piece 120 from 1001
12-12-2020 23:16:03: Peer 1005 is sending the 'not interested' message to  1003
12-12-2020 23:16:03: Peer 1005 is sending the 'not interested' message to  1004
12-12-2020 23:16:03: Peer 1005 has downloaded the piece 120 from 1001. Now the number of pieces it has is 121
12-12-2020 23:16:03: Peer 1005 'requests' for piece 121 from 1001
12-12-2020 23:16:03: Peer 1005 is sending the 'not interested' message to  1003
12-12-2020 23:16:03: Peer 1005 is sending the 'not interested' message to  1004
12-12-2020 23:16:04: Peer 1005 has downloaded the piece 121 from 1001. Now the number of pieces it has is 122
12-12-2020 23:16:04: Peer 1005 'requests' for piece 122 from 1001
12-12-2020 23:16:04: Peer 1005 is sending the 'not interested' message to  1003
12-12-2020 23:16:04: Peer 1005 is sending the 'not interested' message to  1004
12-12-2020 23:16:04: Peer 1005 has downloaded the piece 122 from 1001. Now the number of pieces it has is 123
12-12-2020 23:16:04: Peer 1005 'requests' for piece 123 from 1001
12-12-2020 23:16:04: Peer 1005 is sending the 'not interested' message to  1003
12-12-2020 23:16:04: Peer 1005 is sending the 'not interested' message to  1004
12-12-2020 23:16:05: Peer 1005 has downloaded the piece 123 from 1001. Now the number of pieces it has is 124
12-12-2020 23:16:05: Peer 1005 'requests' for piece 124 from 1001
12-12-2020 23:16:05: Peer 1005 is sending the 'not interested' message to  1003
12-12-2020 23:16:05: Peer 1005 is sending the 'not interested' message to  1004
12-12-2020 23:16:05: Peer 1005 has downloaded the piece 124 from 1001. Now the number of pieces it has is 125
12-12-2020 23:16:05: Peer 1005 'requests' for piece 125 from 1001
12-12-2020 23:16:05: Peer 1005 is sending the 'not interested' message to  1003
12-12-2020 23:16:05: Peer 1005 is sending the 'not interested' message to  1004
12-12-2020 23:16:06: Peer 1005 has downloaded the piece 125 from 1001. Now the number of pieces it has is 126
12-12-2020 23:16:06: Peer 1005 'requests' for piece 126 from 1001
12-12-2020 23:16:06: Peer 1005 is sending the 'not interested' message to  1003
12-12-2020 23:16:06: Peer 1005 is sending the 'not interested' message to  1004
12-12-2020 23:16:06: Peer 1005 has downloaded the piece 126 from 1001. Now the number of pieces it has is 127
12-12-2020 23:16:06: Peer 1005 'requests' for piece 127 from 1001
12-12-2020 23:16:06: Peer 1005 is sending the 'not interested' message to  1003
12-12-2020 23:16:06: Peer 1005 is sending the 'not interested' message to  1004
12-12-2020 23:16:07: Peer 1005 has downloaded the piece 127 from 1001. Now the number of pieces it has is 128
12-12-2020 23:16:07: Peer 1005 'requests' for piece 128 from 1001
12-12-2020 23:16:07: Peer 1005 is sending the 'not interested' message to  1003
12-12-2020 23:16:07: Peer 1005 is sending the 'not interested' message to  1002
12-12-2020 23:16:07: Peer 1005 is sending the 'not interested' message to  1004
12-12-2020 23:16:07: Peer 1005 has downloaded the piece 128 from 1001. Now the number of pieces it has is 129
12-12-2020 23:16:07: Peer 1005 'requests' for piece 129 from 1001
12-12-2020 23:16:07: Peer 1005 is sending the 'not interested' message to  1003
12-12-2020 23:16:07: Peer 1005 is sending the 'not interested' message to  1002
12-12-2020 23:16:07: Peer 1005 is sending the 'not interested' message to  1004
12-12-2020 23:16:08: Peer 1005 has downloaded the piece 129 from 1001. Now the number of pieces it has is 130
12-12-2020 23:16:08: Peer 1005 'requests' for piece 130 from 1001
12-12-2020 23:16:08: Peer 1005 is sending the 'not interested' message to  1003
12-12-2020 23:16:08: Peer 1005 is sending the 'not interested' message to  1002
12-12-2020 23:16:08: Peer 1005 is sending the 'not interested' message to  1004
12-12-2020 23:16:08: Peer 1005 has downloaded the piece 130 from 1001. Now the number of pieces it has is 131
12-12-2020 23:16:08: Peer 1005 'requests' for piece 131 from 1001
12-12-2020 23:16:08: Peer 1005 is sending the 'not interested' message to  1003
12-12-2020 23:16:08: Peer 1005 is sending the 'not interested' message to  1002
12-12-2020 23:16:08: Peer 1005 is sending the 'not interested' message to  1004
12-12-2020 23:16:09: Peer 1005 has downloaded the piece 131 from 1001. Now the number of pieces it has is 132
12-12-2020 23:16:09: Peer 1005 'requests' for piece 132 from 1001
12-12-2020 23:16:09: Peer 1005 is sending the 'not interested' message to  1003
12-12-2020 23:16:09: Peer 1005 is sending the 'not interested' message to  1002
12-12-2020 23:16:09: Peer 1005 is sending the 'not interested' message to  1004
12-12-2020 23:16:09: Peer 1005 has downloaded the piece 132 from 1001. Now the number of pieces it has is 133
12-12-2020 23:16:09: Peer 1005 'requests' for piece 133 from 1001
12-12-2020 23:16:10: Peer 1005 is sending the 'not interested' message to  1003
12-12-2020 23:16:10: Peer 1005 is sending the 'not interested' message to  1002
12-12-2020 23:16:10: Peer 1005 is sending the 'not interested' message to  1004
12-12-2020 23:16:10: Peer 1005 has downloaded the piece 133 from 1001. Now the number of pieces it has is 134
12-12-2020 23:16:10: Peer 1005 'requests' for piece 134 from 1001
12-12-2020 23:16:10: Peer 1005 is sending the 'not interested' message to  1003
12-12-2020 23:16:10: Peer 1005 is sending the 'not interested' message to  1002
12-12-2020 23:16:10: Peer 1005 is sending the 'not interested' message to  1004
12-12-2020 23:16:10: Peer 1005 has downloaded the piece 134 from 1001. Now the number of pieces it has is 135
12-12-2020 23:16:10: Peer 1005 has downloaded the complete file.
12-12-2020 23:16:10: Peer 1005 is sending the 'not interested' message to  1003
12-12-2020 23:16:10: Peer 1005 is sending the 'not interested' message to  1002
12-12-2020 23:16:52: Peer All peers have completed downloading the file.
12-12-2020 23:16:54: Peer 1005 process has been terminated
